<?xml version="1.0" encoding="UTF-8"?>
<testng-results skipped="0" failed="0" total="2" passed="2">
  <reporter-output>
  </reporter-output>
  <suite name="Default suite" duration-ms="9204" started-at="2023-10-03T20:14:16Z" finished-at="2023-10-03T20:14:25Z">
    <groups>
    </groups>
    <test name="Default test" duration-ms="9204" started-at="2023-10-03T20:14:16Z" finished-at="2023-10-03T20:14:25Z">
      <class name="com.UIAutomation.SeleniumTestProject.Test1">
        <test-method status="PASS" signature="setupDriver()[pri:0, instance:com.UIAutomation.SeleniumTestProject.Test1@754ba872]" name="setupDriver" is-config="true" duration-ms="6351" started-at="2023-10-03T15:14:16Z" finished-at="2023-10-03T15:14:22Z">
          <reporter-output>
          </reporter-output>
        </test-method> <!-- setupDriver -->
        <test-method status="PASS" signature="enterTextIntoSearchBox()[pri:0, instance:com.UIAutomation.SeleniumTestProject.Test1@754ba872]" name="enterTextIntoSearchBox" duration-ms="2642" started-at="2023-10-03T15:14:22Z" finished-at="2023-10-03T15:14:25Z">
          <reporter-output>
          </reporter-output>
        </test-method> <!-- enterTextIntoSearchBox -->
        <test-method status="PASS" signature="testTitle()[pri:0, instance:com.UIAutomation.SeleniumTestProject.Test1@754ba872]" name="testTitle" duration-ms="6" started-at="2023-10-03T15:14:25Z" finished-at="2023-10-03T15:14:25Z">
          <reporter-output>
          </reporter-output>
        </test-method> <!-- testTitle -->
        <test-method status="PASS" signature="quit()[pri:0, instance:com.UIAutomation.SeleniumTestProject.Test1@754ba872]" name="quit" is-config="true" duration-ms="193" started-at="2023-10-03T15:14:25Z" finished-at="2023-10-03T15:14:25Z">
          <reporter-output>
          </reporter-output>
        </test-method> <!-- quit -->
      </class> <!-- com.UIAutomation.SeleniumTestProject.Test1 -->
    </test> <!-- Default test -->
  </suite> <!-- Default suite -->
</testng-results>
